{
  name: 'PrismaClientUnknownRequestError',
  clientVersion: '5.21.1',
  level: 'error',
  timestamp: '2024-12-20T10:24:49.258Z'
}
{
  status: 400,
  message: 'Invalid password. Please try again.',
  level: 'error',
  timestamp: '2024-12-20T11:54:50.386Z'
}
{
  status: 400,
  message: 'Invalid password. Please try again.',
  level: 'error',
  timestamp: '2024-12-20T11:54:51.708Z'
}
{
  status: 400,
  message: 'Invalid password. Please try again.',
  level: 'error',
  timestamp: '2024-12-20T11:54:54.318Z'
}
{
  status: 400,
  message: 'Invalid password. Please try again.',
  level: 'error',
  timestamp: '2024-12-20T16:28:22.784Z'
}
{
  status: 400,
  message: 'Invalid password. Please try again.',
  level: 'error',
  timestamp: '2024-12-20T16:28:24.558Z'
}
