{
  status: 400,
  message: 'Email already exists.',
  level: 'error',
  timestamp: '2024-10-30T18:33:49.073Z'
}
{
  status: 401,
  message: 'The OTP you entered is incorrect. Please try again.',
  level: 'error',
  timestamp: '2024-10-30T18:37:45.281Z'
}
{
  status: 401,
  message: 'The OTP you entered is incorrect. Please try again.',
  level: 'error',
  timestamp: '2024-10-30T18:38:13.926Z'
}
{
  status: 401,
  message: 'The OTP you entered is incorrect. Please try again.',
  level: 'error',
  timestamp: '2024-10-30T18:39:32.549Z'
}
{
  status: 401,
  message: 'The OTP you entered is incorrect. Please try again.',
  level: 'error',
  timestamp: '2024-10-30T18:39:57.824Z'
}
{
  status: 401,
  message: 'Your OTP has expired. Please request a new one.',
  level: 'error',
  timestamp: '2024-10-30T18:40:09.346Z'
}
{
  status: 401,
  message: 'Your OTP has expired. Please request a new one.',
  level: 'error',
  timestamp: '2024-10-30T18:40:32.212Z'
}
{
  status: 401,
  message: 'Your OTP has expired. Please request a new one.',
  level: 'error',
  timestamp: '2024-10-30T18:40:50.010Z'
}
{
  status: 401,
  message: 'Your OTP has expired. Please request a new one.',
  level: 'error',
  timestamp: '2024-10-30T18:46:21.088Z'
}
{
  status: 401,
  message: 'Your OTP has expired. Please request a new one.',
  level: 'error',
  timestamp: '2024-10-30T18:51:08.076Z'
}
{
  status: 401,
  message: 'Your OTP has expired. Please request a new one.',
  level: 'error',
  timestamp: '2024-10-30T18:53:50.877Z'
}
{
  status: 401,
  message: 'Your OTP has expired. Please request a new one.',
  level: 'error',
  timestamp: '2024-10-30T18:54:42.981Z'
}
{
  status: 401,
  message: 'Your OTP has expired. Please request a new one.',
  level: 'error',
  timestamp: '2024-10-30T18:55:17.520Z'
}
{
  status: 401,
  message: 'Your OTP has expired. Please request a new one.',
  level: 'error',
  timestamp: '2024-10-30T18:56:07.068Z'
}
{
  status: 401,
  message: 'Access denied. Your Cookie has expired. Please log in again to continue.',
  level: 'error',
  timestamp: '2024-10-31T09:13:31.857Z'
}
{
  status: 401,
  message: 'Your OTP has expired. Please request a new one.',
  level: 'error',
  timestamp: '2024-10-31T09:18:31.118Z'
}
{
  status: 401,
  message: 'Your OTP has expired. Please request a new one.',
  level: 'error',
  timestamp: '2024-10-31T09:19:13.238Z'
}
{
  status: 401,
  message: 'Your OTP has expired. Please request a new one.',
  level: 'error',
  timestamp: '2024-10-31T09:20:14.291Z'
}
{
  status: 401,
  message: 'Your OTP has expired. Please request a new one.',
  level: 'error',
  timestamp: '2024-10-31T09:23:30.044Z'
}
{
  status: 401,
  message: 'Your OTP has expired. Please request a new one.',
  level: 'error',
  timestamp: '2024-10-31T09:24:30.198Z'
}
{
  status: 401,
  message: 'Your OTP has expired. Please request a new one.',
  level: 'error',
  timestamp: '2024-10-31T09:25:27.815Z'
}
