{
  name: 'PrismaClientUnknownRequestError',
  clientVersion: '5.21.1',
  level: 'error',
  timestamp: '2024-12-23T14:37:46.579Z'
}
{
  name: 'PrismaClientValidationError',
  clientVersion: '5.21.1',
  level: 'error',
  timestamp: '2024-12-23T15:24:16.252Z'
}
{
  name: 'PrismaClientKnownRequestError',
  code: 'P2025',
  clientVersion: '5.21.1',
  meta: { modelName: 'MentorWallet', cause: 'Record to update not found.' },
  level: 'error',
  timestamp: '2024-12-23T15:26:21.665Z'
}
{
  name: 'PrismaClientKnownRequestError',
  code: 'P2025',
  clientVersion: '5.21.1',
  meta: { modelName: 'MentorWallet', cause: 'Record to update not found.' },
  level: 'error',
  timestamp: '2024-12-23T15:28:47.130Z'
}
{
  name: 'PrismaClientUnknownRequestError',
  clientVersion: '5.21.1',
  level: 'error',
  timestamp: '2024-12-23T16:12:07.688Z'
}
{
  name: 'PrismaClientUnknownRequestError',
  clientVersion: '5.21.1',
  level: 'error',
  timestamp: '2024-12-23T16:12:23.001Z'
}
{
  name: 'PrismaClientUnknownRequestError',
  clientVersion: '5.21.1',
  level: 'error',
  timestamp: '2024-12-23T16:13:04.207Z'
}
{
  name: 'PrismaClientUnknownRequestError',
  clientVersion: '5.21.1',
  level: 'error',
  timestamp: '2024-12-23T16:13:40.788Z'
}
{
  name: 'PrismaClientUnknownRequestError',
  clientVersion: '5.21.1',
  level: 'error',
  timestamp: '2024-12-23T16:19:35.116Z'
}
{
  name: 'PrismaClientUnknownRequestError',
  clientVersion: '5.21.1',
  level: 'error',
  timestamp: '2024-12-23T16:26:26.689Z'
}
