{
  name: 'PrismaClientKnownRequestError',
  code: 'P2032',
  clientVersion: '5.21.1',
  meta: {
    modelName: 'Comment',
    field: 'createdAt',
    expected_type: 'DateTime',
    found: 'null'
  },
  level: 'error',
  timestamp: '2024-11-25T13:21:57.176Z'
}
{
  name: 'PrismaClientKnownRequestError',
  code: 'P2032',
  clientVersion: '5.21.1',
  meta: {
    modelName: 'Comment',
    field: 'createdAt',
    expected_type: 'DateTime',
    found: 'null'
  },
  level: 'error',
  timestamp: '2024-11-25T13:22:01.492Z'
}
{
  name: 'PrismaClientKnownRequestError',
  code: 'P2032',
  clientVersion: '5.21.1',
  meta: {
    modelName: 'Comment',
    field: 'createdAt',
    expected_type: 'DateTime',
    found: 'null'
  },
  level: 'error',
  timestamp: '2024-11-25T13:24:07.126Z'
}
{
  name: 'PrismaClientKnownRequestError',
  code: 'P2032',
  clientVersion: '5.21.1',
  meta: {
    modelName: 'Comment',
    field: 'createdAt',
    expected_type: 'DateTime',
    found: 'null'
  },
  level: 'error',
  timestamp: '2024-11-25T13:25:34.876Z'
}
{
  status: 401,
  message: 'Invalid token. Please try again or log in.',
  level: 'error',
  timestamp: '2024-11-25T13:28:04.763Z'
}
{
  status: 401,
  message: 'Invalid token. Please try again or log in.',
  level: 'error',
  timestamp: '2024-11-25T13:28:07.795Z'
}
{
  status: 401,
  message: 'Access denied. Your Cookie has expired. Please log in again to continue.',
  level: 'error',
  timestamp: '2024-11-25T13:29:45.783Z'
}
{
  name: 'PrismaClientKnownRequestError',
  code: 'P2023',
  clientVersion: '5.21.1',
  meta: {
    modelName: 'User',
    message: 'Malformed ObjectID: provided hex string representation must be exactly 12 bytes, instead got: "", length 0.'
  },
  level: 'error',
  timestamp: '2024-11-25T14:12:09.939Z'
}
{
  name: 'PrismaClientKnownRequestError',
  code: 'P2023',
  clientVersion: '5.21.1',
  meta: {
    modelName: 'User',
    message: 'Malformed ObjectID: provided hex string representation must be exactly 12 bytes, instead got: "", length 0.'
  },
  level: 'error',
  timestamp: '2024-11-25T14:12:52.695Z'
}
{
  name: 'PrismaClientKnownRequestError',
  code: 'P2023',
  clientVersion: '5.21.1',
  meta: {
    modelName: 'User',
    message: 'Malformed ObjectID: provided hex string representation must be exactly 12 bytes, instead got: "", length 0.'
  },
  level: 'error',
  timestamp: '2024-11-25T14:13:27.276Z'
}
{
  name: 'PrismaClientKnownRequestError',
  code: 'P2023',
  clientVersion: '5.21.1',
  meta: {
    modelName: 'User',
    message: 'Malformed ObjectID: provided hex string representation must be exactly 12 bytes, instead got: "", length 0.'
  },
  level: 'error',
  timestamp: '2024-11-25T14:14:02.858Z'
}
{
  name: 'PrismaClientKnownRequestError',
  code: 'P2023',
  clientVersion: '5.21.1',
  meta: {
    modelName: 'User',
    message: 'Malformed ObjectID: provided hex string representation must be exactly 12 bytes, instead got: "", length 0.'
  },
  level: 'error',
  timestamp: '2024-11-25T14:15:10.577Z'
}
{
  name: 'PrismaClientKnownRequestError',
  code: 'P2023',
  clientVersion: '5.21.1',
  meta: {
    modelName: 'User',
    message: 'Malformed ObjectID: provided hex string representation must be exactly 12 bytes, instead got: "", length 0.'
  },
  level: 'error',
  timestamp: '2024-11-25T14:16:00.915Z'
}
{
  name: 'PrismaClientValidationError',
  clientVersion: '5.21.1',
  level: 'error',
  timestamp: '2024-11-25T15:24:19.709Z'
}
{
  name: 'PrismaClientValidationError',
  clientVersion: '5.21.1',
  level: 'error',
  timestamp: '2024-11-25T15:25:28.893Z'
}
{
  name: 'PrismaClientValidationError',
  clientVersion: '5.21.1',
  level: 'error',
  timestamp: '2024-11-25T15:25:31.870Z'
}
{
  name: 'PrismaClientValidationError',
  clientVersion: '5.21.1',
  level: 'error',
  timestamp: '2024-11-25T15:27:50.574Z'
}
{
  name: 'PrismaClientKnownRequestError',
  code: 'P2023',
  clientVersion: '5.21.1',
  meta: {
    modelName: 'User',
    message: `Malformed ObjectID: invalid character '"' was found at index 0 in the provided hex string: ""671cc20e5f1138ab1097b5c6"".`
  },
  level: 'error',
  timestamp: '2024-11-25T15:29:09.362Z'
}
