{
  name: 'MulterError',
  message: 'Unexpected field',
  code: 'LIMIT_UNEXPECTED_FILE',
  field: 'avatar',
  storageErrors: [],
  level: 'error',
  timestamp: '2024-12-06T18:32:10.986Z'
}
{
  name: 'PrismaClientValidationError',
  clientVersion: '5.21.1',
  level: 'error',
  timestamp: '2024-12-06T19:23:29.388Z'
}
{
  name: 'PrismaClientValidationError',
  clientVersion: '5.21.1',
  level: 'error',
  timestamp: '2024-12-06T19:24:23.279Z'
}
{
  name: 'PrismaClientKnownRequestError',
  code: 'P2002',
  clientVersion: '5.21.1',
  meta: { modelName: 'Mentor', target: 'Mentor_email_key' },
  level: 'error',
  timestamp: '2024-12-06T19:29:39.281Z'
}
{
  name: 'PrismaClientKnownRequestError',
  code: 'P2032',
  clientVersion: '5.21.1',
  meta: {
    modelName: 'Mentor',
    field: 'createdAt',
    expected_type: 'DateTime',
    found: 'null'
  },
  level: 'error',
  timestamp: '2024-12-06T20:04:38.779Z'
}
{
  name: 'PrismaClientKnownRequestError',
  code: 'P2032',
  clientVersion: '5.21.1',
  meta: {
    modelName: 'Mentor',
    field: 'createdAt',
    expected_type: 'DateTime',
    found: 'null'
  },
  level: 'error',
  timestamp: '2024-12-06T20:08:20.738Z'
}
{
  status: 401,
  message: 'Invalid token. Please try again or log in.',
  level: 'error',
  timestamp: '2024-12-06T20:18:27.938Z'
}
{
  status: 401,
  message: 'Invalid token. Please try again or log in.',
  level: 'error',
  timestamp: '2024-12-07T06:37:26.596Z'
}
