{
  name: 'PrismaClientUnknownRequestError',
  clientVersion: '5.21.1',
  level: 'error',
  timestamp: '2024-12-19T12:55:47.674Z'
}
{
  name: 'PrismaClientUnknownRequestError',
  clientVersion: '5.21.1',
  level: 'error',
  timestamp: '2024-12-19T12:55:51.733Z'
}
{
  name: 'PrismaClientUnknownRequestError',
  clientVersion: '5.21.1',
  level: 'error',
  timestamp: '2024-12-19T12:57:05.546Z'
}
{
  status: 404,
  message: 'Invalid email or password.',
  level: 'error',
  timestamp: '2024-12-19T18:03:33.736Z'
}
{
  status: 404,
  message: 'Invalid email or password.',
  level: 'error',
  timestamp: '2024-12-19T18:03:35.650Z'
}
{
  status: 404,
  message: 'Invalid email or password.',
  level: 'error',
  timestamp: '2024-12-19T18:03:37.209Z'
}
{
  status: 400,
  message: 'Invalid password. Please try again.',
  level: 'error',
  timestamp: '2024-12-19T18:04:00.616Z'
}
{
  status: 400,
  message: 'Invalid password. Please try again.',
  level: 'error',
  timestamp: '2024-12-19T18:04:04.097Z'
}
