{
  status: 401,
  message: 'Invalid password. Please try again.',
  level: 'error',
  timestamp: '2024-10-30T16:53:26.749Z'
}{
  status: 401,
  message: 'Access denied. Your Cookie has expired. Please log in again to continue.',
  level: 'error',
  timestamp: '2024-10-30T17:23:13.091Z'
}
{
  status: 401,
  message: 'Access denied. Your Cookie has expired. Please log in again to continue.',
  level: 'error',
  timestamp: '2024-10-30T17:25:48.124Z'
}
{
  status: 401,
  message: 'Access denied. Your Cookie has expired. Please log in again to continue.',
  level: 'error',
  timestamp: '2024-10-30T17:26:13.532Z'
}
{
  status: 401,
  message: 'Access denied. Your Cookie has expired. Please log in again to continue.',
  level: 'error',
  timestamp: '2024-10-30T17:26:16.717Z'
}
{
  status: 404,
  message: 'User not found.',
  level: 'error',
  timestamp: '2024-10-30T17:26:23.541Z'
}
{
  status: 401,
  message: 'Access denied. Your Cookie has expired. Please log in again to continue.',
  level: 'error',
  timestamp: '2024-10-30T17:28:53.479Z'
}
{
  status: 401,
  message: 'Your OTP has expired. Please request a new one.',
  level: 'error',
  timestamp: '2024-10-30T18:09:18.678Z'
}
{
  status: 401,
  message: 'Your OTP has expired. Please request a new one.',
  level: 'error',
  timestamp: '2024-10-30T18:10:10.998Z'
}
{
  status: 401,
  message: 'Your OTP has expired. Please request a new one.',
  level: 'error',
  timestamp: '2024-10-30T18:11:45.306Z'
}
{
  status: 401,
  message: 'Your OTP has expired. Please request a new one.',
  level: 'error',
  timestamp: '2024-10-30T18:12:16.439Z'
}
{
  status: 401,
  message: 'Your OTP has expired. Please request a new one.',
  level: 'error',
  timestamp: '2024-10-30T18:12:38.633Z'
}
{
  status: 401,
  message: 'Your OTP has expired. Please request a new one.',
  level: 'error',
  timestamp: '2024-10-30T18:26:24.551Z'
}
{
  status: 401,
  message: 'Your OTP has expired. Please request a new one.',
  level: 'error',
  timestamp: '2024-10-30T18:26:57.587Z'
}
{
  status: 401,
  message: 'Your OTP has expired. Please request a new one.',
  level: 'error',
  timestamp: '2024-10-30T18:27:15.588Z'
}
{
  status: 401,
  message: 'Your OTP has expired. Please request a new one.',
  level: 'error',
  timestamp: '2024-10-30T18:27:28.266Z'
}
{
  status: 401,
  message: 'Your OTP has expired. Please request a new one.',
  level: 'error',
  timestamp: '2024-10-30T18:28:44.692Z'
}
{
  status: 401,
  message: 'Your OTP has expired. Please request a new one.',
  level: 'error',
  timestamp: '2024-10-30T18:29:01.465Z'
}
{
  status: 401,
  message: 'Your OTP has expired. Please request a new one.',
  level: 'error',
  timestamp: '2024-10-30T18:29:16.884Z'
}
{
  status: 401,
  message: 'Your OTP has expired. Please request a new one.',
  level: 'error',
  timestamp: '2024-10-30T18:29:27.934Z'
}
