{
  name: 'PrismaClientUnknownRequestError',
  clientVersion: '5.21.1',
  level: 'error',
  timestamp: '2024-12-23T20:34:33.930Z'
}
{
  name: 'PrismaClientUnknownRequestError',
  clientVersion: '5.21.1',
  level: 'error',
  timestamp: '2024-12-23T20:34:35.110Z'
}
{
  name: 'PrismaClientUnknownRequestError',
  clientVersion: '5.21.1',
  level: 'error',
  timestamp: '2024-12-23T20:34:42.221Z'
}
{
  name: 'PrismaClientUnknownRequestError',
  clientVersion: '5.21.1',
  level: 'error',
  timestamp: '2024-12-23T20:34:46.325Z'
}
{
  name: 'PrismaClientUnknownRequestError',
  clientVersion: '5.21.1',
  level: 'error',
  timestamp: '2024-12-23T20:34:58.117Z'
}
