{
  name: 'MulterError',
  message: 'Unexpected field',
  code: 'LIMIT_UNEXPECTED_FILE',
  field: 'avatar',
  storageErrors: [],
  level: 'error',
  timestamp: '2024-12-11T21:00:36.585Z'
}
{
  name: 'PrismaClientValidationError',
  clientVersion: '5.21.1',
  level: 'error',
  timestamp: '2024-12-11T21:04:45.843Z'
}
{
  name: 'PrismaClientValidationError',
  clientVersion: '5.21.1',
  level: 'error',
  timestamp: '2024-12-11T21:05:59.838Z'
}
{
  name: 'PrismaClientValidationError',
  clientVersion: '5.21.1',
  level: 'error',
  timestamp: '2024-12-11T21:07:43.357Z'
}
{
  name: 'PrismaClientKnownRequestError',
  code: 'P2025',
  clientVersion: '5.21.1',
  meta: { modelName: 'Mentor', cause: 'Record to update not found.' },
  level: 'error',
  timestamp: '2024-12-11T21:09:50.001Z'
}
{
  status: 401,
  message: 'Invalid password. Please try again.',
  level: 'error',
  timestamp: '2024-12-11T22:14:19.491Z'
}
{
  status: 401,
  message: 'Invalid password. Please try again.',
  level: 'error',
  timestamp: '2024-12-11T22:14:30.205Z'
}
{
  status: 401,
  message: 'Invalid password. Please try again.',
  level: 'error',
  timestamp: '2024-12-11T22:14:38.667Z'
}
{
  name: 'PrismaClientValidationError',
  clientVersion: '5.21.1',
  level: 'error',
  timestamp: '2024-12-11T22:19:21.098Z'
}
{
  name: 'PrismaClientValidationError',
  clientVersion: '5.21.1',
  level: 'error',
  timestamp: '2024-12-11T22:24:02.143Z'
}
{
  status: 401,
  message: 'Invalid password. Please try again.',
  level: 'error',
  timestamp: '2024-12-11T22:39:50.342Z'
}
{
  status: 401,
  message: 'Invalid token. Please try again or log in.',
  level: 'error',
  timestamp: '2024-12-12T03:02:21.203Z'
}
{
  status: 401,
  message: 'Invalid token. Please try again or log in.',
  level: 'error',
  timestamp: '2024-12-12T03:07:01.870Z'
}
{
  status: 401,
  message: 'Invalid token. Please try again or log in.',
  level: 'error',
  timestamp: '2024-12-12T03:08:10.114Z'
}
{
  status: 401,
  message: 'Invalid token. Please try again or log in.',
  level: 'error',
  timestamp: '2024-12-12T03:08:42.574Z'
}
{
  status: 401,
  message: 'Invalid token. Please try again or log in.',
  level: 'error',
  timestamp: '2024-12-12T03:08:47.060Z'
}
{
  status: 401,
  message: 'Invalid token. Please try again or log in.',
  level: 'error',
  timestamp: '2024-12-12T03:09:11.038Z'
}
{
  status: 401,
  message: 'Invalid token. Please try again or log in.',
  level: 'error',
  timestamp: '2024-12-12T03:09:26.605Z'
}
{
  status: 401,
  message: 'Invalid token. Please try again or log in.',
  level: 'error',
  timestamp: '2024-12-12T03:09:31.085Z'
}
{
  status: 401,
  message: 'Invalid token. Please try again or log in.',
  level: 'error',
  timestamp: '2024-12-12T03:09:53.915Z'
}
{
  status: 401,
  message: 'Invalid token. Please try again or log in.',
  level: 'error',
  timestamp: '2024-12-12T03:09:56.153Z'
}
{
  status: 401,
  message: 'Invalid token. Please try again or log in.',
  level: 'error',
  timestamp: '2024-12-12T03:10:55.196Z'
}
{
  status: 401,
  message: 'Invalid token. Please try again or log in.',
  level: 'error',
  timestamp: '2024-12-12T03:11:03.753Z'
}
{
  status: 401,
  message: 'Invalid token. Please try again or log in.',
  level: 'error',
  timestamp: '2024-12-12T03:12:44.739Z'
}
{
  status: 401,
  message: 'Invalid token. Please try again or log in.',
  level: 'error',
  timestamp: '2024-12-12T03:13:04.158Z'
}
{
  status: 401,
  message: 'Invalid token. Please try again or log in.',
  level: 'error',
  timestamp: '2024-12-12T03:13:27.320Z'
}
{
  status: 401,
  message: 'Invalid token. Please try again or log in.',
  level: 'error',
  timestamp: '2024-12-12T03:13:30.525Z'
}
{
  status: 401,
  message: 'Invalid token. Please try again or log in.',
  level: 'error',
  timestamp: '2024-12-12T03:13:48.149Z'
}
{
  status: 401,
  message: 'Invalid token. Please try again or log in.',
  level: 'error',
  timestamp: '2024-12-12T03:13:50.118Z'
}
{
  status: 401,
  message: 'Invalid token. Please try again or log in.',
  level: 'error',
  timestamp: '2024-12-12T03:13:54.280Z'
}
{
  status: 401,
  message: 'Invalid token. Please try again or log in.',
  level: 'error',
  timestamp: '2024-12-12T03:13:56.278Z'
}
{
  status: 401,
  message: 'Invalid token. Please try again or log in.',
  level: 'error',
  timestamp: '2024-12-12T03:14:01.175Z'
}
{
  status: 401,
  message: 'Invalid token. Please try again or log in.',
  level: 'error',
  timestamp: '2024-12-12T03:14:04.042Z'
}
{
  name: 'PrismaClientKnownRequestError',
  code: 'P2023',
  clientVersion: '5.21.1',
  meta: {
    modelName: 'User',
    message: 'Malformed ObjectID: provided hex string representation must be exactly 12 bytes, instead got: "undefined", length 9.'
  },
  level: 'error',
  timestamp: '2024-12-12T03:14:13.081Z'
}
{
  name: 'PrismaClientKnownRequestError',
  code: 'P2023',
  clientVersion: '5.21.1',
  meta: {
    modelName: 'User',
    message: 'Malformed ObjectID: provided hex string representation must be exactly 12 bytes, instead got: "undefined", length 9.'
  },
  level: 'error',
  timestamp: '2024-12-12T03:14:27.842Z'
}
{
  status: 401,
  message: 'Invalid token. Please try again or log in.',
  level: 'error',
  timestamp: '2024-12-12T03:14:28.109Z'
}
{
  name: 'PrismaClientKnownRequestError',
  code: 'P2023',
  clientVersion: '5.21.1',
  meta: {
    modelName: 'User',
    message: 'Malformed ObjectID: provided hex string representation must be exactly 12 bytes, instead got: "undefined", length 9.'
  },
  level: 'error',
  timestamp: '2024-12-12T03:14:30.848Z'
}
{
  status: 401,
  message: 'Invalid token. Please try again or log in.',
  level: 'error',
  timestamp: '2024-12-12T03:14:31.164Z'
}
{
  status: 401,
  message: 'Invalid token. Please try again or log in.',
  level: 'error',
  timestamp: '2024-12-12T03:14:39.858Z'
}
{
  status: 401,
  message: 'Invalid token. Please try again or log in.',
  level: 'error',
  timestamp: '2024-12-12T03:14:40.344Z'
}
{
  status: 401,
  message: 'Invalid token. Please try again or log in.',
  level: 'error',
  timestamp: '2024-12-12T03:14:42.533Z'
}
{
  status: 401,
  message: 'Invalid token. Please try again or log in.',
  level: 'error',
  timestamp: '2024-12-12T03:14:43.077Z'
}
{
  name: 'PrismaClientKnownRequestError',
  code: 'P2023',
  clientVersion: '5.21.1',
  meta: {
    modelName: 'User',
    message: 'Malformed ObjectID: provided hex string representation must be exactly 12 bytes, instead got: "undefined", length 9.'
  },
  level: 'error',
  timestamp: '2024-12-12T03:14:53.780Z'
}
{
  status: 401,
  message: 'Invalid token. Please try again or log in.',
  level: 'error',
  timestamp: '2024-12-12T03:15:25.475Z'
}
{
  name: 'PrismaClientKnownRequestError',
  code: 'P2023',
  clientVersion: '5.21.1',
  meta: {
    modelName: 'User',
    message: 'Malformed ObjectID: provided hex string representation must be exactly 12 bytes, instead got: "undefined", length 9.'
  },
  level: 'error',
  timestamp: '2024-12-12T03:15:28.042Z'
}
{
  status: 401,
  message: 'Invalid token. Please try again or log in.',
  level: 'error',
  timestamp: '2024-12-12T03:18:06.198Z'
}
{
  status: 401,
  message: 'Invalid token. Please try again or log in.',
  level: 'error',
  timestamp: '2024-12-12T03:18:11.158Z'
}
{
  status: 401,
  message: 'Invalid token. Please try again or log in.',
  level: 'error',
  timestamp: '2024-12-12T03:18:14.239Z'
}
{
  status: 401,
  message: 'Invalid token. Please try again or log in.',
  level: 'error',
  timestamp: '2024-12-12T03:18:19.114Z'
}
{
  status: 401,
  message: 'Invalid token. Please try again or log in.',
  level: 'error',
  timestamp: '2024-12-12T03:18:28.226Z'
}
{
  status: 401,
  message: 'Invalid token. Please try again or log in.',
  level: 'error',
  timestamp: '2024-12-12T03:18:30.128Z'
}
{
  status: 401,
  message: 'Invalid token. Please try again or log in.',
  level: 'error',
  timestamp: '2024-12-12T03:18:32.166Z'
}
{
  status: 401,
  message: 'Invalid token. Please try again or log in.',
  level: 'error',
  timestamp: '2024-12-12T03:18:37.121Z'
}
{
  status: 401,
  message: 'Invalid token. Please try again or log in.',
  level: 'error',
  timestamp: '2024-12-12T03:20:37.315Z'
}
{
  status: 401,
  message: 'Invalid password. Please try again.',
  level: 'error',
  timestamp: '2024-12-12T03:21:04.583Z'
}
{
  status: 401,
  message: 'Invalid password. Please try again.',
  level: 'error',
  timestamp: '2024-12-12T03:21:13.022Z'
}
{
  status: 401,
  message: 'Invalid password. Please try again.',
  level: 'error',
  timestamp: '2024-12-12T03:21:22.722Z'
}
{
  name: 'PrismaClientValidationError',
  clientVersion: '5.21.1',
  level: 'error',
  timestamp: '2024-12-12T05:26:38.286Z'
}
{
  name: 'PrismaClientValidationError',
  clientVersion: '5.21.1',
  level: 'error',
  timestamp: '2024-12-12T09:13:36.891Z'
}
{
  status: 401,
  message: 'Invalid password. Please try again.',
  level: 'error',
  timestamp: '2024-12-12T09:46:47.011Z'
}
{
  status: 401,
  message: 'Invalid password. Please try again.',
  level: 'error',
  timestamp: '2024-12-12T09:46:54.444Z'
}
{
  status: 401,
  message: 'Invalid password. Please try again.',
  level: 'error',
  timestamp: '2024-12-12T09:47:00.385Z'
}
{
  status: 401,
  message: 'Invalid password. Please try again.',
  level: 'error',
  timestamp: '2024-12-12T09:47:05.029Z'
}
{
  status: 401,
  message: 'Invalid password. Please try again.',
  level: 'error',
  timestamp: '2024-12-12T09:47:12.683Z'
}
{
  status: 401,
  message: 'Invalid password. Please try again.',
  level: 'error',
  timestamp: '2024-12-12T09:47:18.815Z'
}
{
  status: 401,
  message: 'Invalid password. Please try again.',
  level: 'error',
  timestamp: '2024-12-12T09:47:25.110Z'
}
{
  status: 401,
  message: 'Invalid password. Please try again.',
  level: 'error',
  timestamp: '2024-12-12T09:47:30.152Z'
}
{
  status: 401,
  message: 'Invalid password. Please try again.',
  level: 'error',
  timestamp: '2024-12-12T09:48:15.631Z'
}
{
  status: 401,
  message: 'Invalid password. Please try again.',
  level: 'error',
  timestamp: '2024-12-12T09:48:23.375Z'
}
{
  status: 401,
  message: 'Invalid password. Please try again.',
  level: 'error',
  timestamp: '2024-12-12T09:48:28.800Z'
}
{
  status: 401,
  message: 'Invalid password. Please try again.',
  level: 'error',
  timestamp: '2024-12-12T09:48:34.031Z'
}
{
  name: 'PrismaClientValidationError',
  clientVersion: '5.21.1',
  level: 'error',
  timestamp: '2024-12-12T09:57:36.985Z'
}
{
  status: 401,
  message: 'Invalid password. Please try again.',
  level: 'error',
  timestamp: '2024-12-12T10:04:37.620Z'
}
{
  status: 401,
  message: 'Invalid password. Please try again.',
  level: 'error',
  timestamp: '2024-12-12T10:04:46.081Z'
}
{
  status: 401,
  message: 'Invalid password. Please try again.',
  level: 'error',
  timestamp: '2024-12-12T10:05:17.386Z'
}
{
  status: 401,
  message: 'Invalid password. Please try again.',
  level: 'error',
  timestamp: '2024-12-12T10:05:24.155Z'
}
