{
  status: 401,
  message: 'Invalid refresh token. Please log in again.',
  level: 'error',
  timestamp: '2024-11-22T05:47:52.386Z'
}
{
  status: 401,
  message: 'Invalid refresh token. Please log in again.',
  level: 'error',
  timestamp: '2024-11-22T05:59:19.266Z'
}
{
  status: 401,
  message: 'Invalid refresh token. Please log in again.',
  level: 'error',
  timestamp: '2024-11-22T05:59:29.186Z'
}
{
  status: 401,
  message: 'Invalid refresh token. Please log in again.',
  level: 'error',
  timestamp: '2024-11-22T05:59:29.204Z'
}
{
  name: 'PrismaClientUnknownRequestError',
  clientVersion: '5.21.1',
  level: 'error',
  timestamp: '2024-11-22T05:59:39.178Z'
}
{
  message: 'Must supply api_secret',
  level: 'error',
  timestamp: '2024-11-22T06:11:43.548Z'
}
{
  message: 'Must supply api_secret',
  level: 'error',
  timestamp: '2024-11-22T06:13:28.951Z'
}
{
  message: 'Invalid cloud_name SpeakElse',
  name: 'Error',
  http_code: 401,
  storageErrors: [],
  level: 'error',
  timestamp: '2024-11-22T06:14:12.638Z'
}
