{
  status: 401,
  message: 'Invalid token. Please try again or log in.',
  level: 'error',
  timestamp: '2024-12-07T19:05:04.375Z'
}
{
  status: 401,
  message: 'Invalid token. Please try again or log in.',
  level: 'error',
  timestamp: '2024-12-07T19:05:12.167Z'
}
{
  status: 401,
  message: 'Invalid token. Please try again or log in.',
  level: 'error',
  timestamp: '2024-12-08T17:05:39.013Z'
}
{
  status: 401,
  message: 'Invalid token. Please try again or log in.',
  level: 'error',
  timestamp: '2024-12-08T17:05:51.776Z'
}
{
  status: 401,
  message: 'Invalid token. Please try again or log in.',
  level: 'error',
  timestamp: '2024-12-08T17:05:53.267Z'
}
