{
  name: 'PrismaClientValidationError',
  clientVersion: '5.21.1',
  level: 'error',
  timestamp: '2024-11-26T19:02:41.207Z'
}
{
  name: 'PrismaClientValidationError',
  clientVersion: '5.21.1',
  level: 'error',
  timestamp: '2024-11-26T19:05:51.227Z'
}
{
  name: 'PrismaClientValidationError',
  clientVersion: '5.21.1',
  level: 'error',
  timestamp: '2024-11-26T19:12:46.699Z'
}
{
  name: 'PrismaClientValidationError',
  clientVersion: '5.21.1',
  level: 'error',
  timestamp: '2024-11-26T19:13:25.943Z'
}
{
  name: 'PrismaClientValidationError',
  clientVersion: '5.21.1',
  level: 'error',
  timestamp: '2024-11-26T19:14:12.355Z'
}
{
  name: 'PrismaClientValidationError',
  clientVersion: '5.21.1',
  level: 'error',
  timestamp: '2024-11-26T19:14:59.873Z'
}
{
  status: 401,
  message: 'Access denied. Your Cookie has expired. Please log in again to continue.',
  level: 'error',
  timestamp: '2024-11-26T21:14:56.599Z'
}
{
  status: 401,
  message: 'Access denied. Your Cookie has expired. Please log in again to continue.',
  level: 'error',
  timestamp: '2024-11-26T22:16:32.357Z'
}
{
  status: 401,
  message: 'Access denied. Your Cookie has expired. Please log in again to continue.',
  level: 'error',
  timestamp: '2024-11-26T22:16:40.474Z'
}
{
  status: 401,
  message: 'Access denied. Your Cookie has expired. Please log in again to continue.',
  level: 'error',
  timestamp: '2024-11-26T22:16:57.793Z'
}
