{
  status: 401,
  message: 'Access denied. Your Cookie has expired. Please log in again to continue.',
  level: 'error',
  timestamp: '2024-12-06T08:41:09.250Z'
}
{
  status: 401,
  message: 'Access denied. Your Cookie has expired. Please log in again to continue.',
  level: 'error',
  timestamp: '2024-12-06T08:49:49.239Z'
}
{
  status: 401,
  message: 'Invalid token. Please try again or log in.',
  level: 'error',
  timestamp: '2024-12-06T17:52:07.643Z'
}
{
  status: 401,
  message: 'Invalid token. Please try again or log in.',
  level: 'error',
  timestamp: '2024-12-06T17:52:08.649Z'
}
{
  status: 401,
  message: 'Invalid token. Please try again or log in.',
  level: 'error',
  timestamp: '2024-12-06T17:52:09.631Z'
}
{
  name: 'PrismaClientValidationError',
  clientVersion: '5.21.1',
  level: 'error',
  timestamp: '2024-12-06T18:14:01.885Z'
}
{
  name: 'MulterError',
  message: 'Unexpected field',
  code: 'LIMIT_UNEXPECTED_FILE',
  field: 'avatar',
  storageErrors: [],
  level: 'error',
  timestamp: '2024-12-06T18:27:40.277Z'
}
{
  name: 'MulterError',
  message: 'Unexpected field',
  code: 'LIMIT_UNEXPECTED_FILE',
  field: 'avatar',
  storageErrors: [],
  level: 'error',
  timestamp: '2024-12-06T18:28:32.791Z'
}
