{
  status: 401,
  message: 'Access denied. Your Cookie has expired. Please log in again to continue.',
  level: 'error',
  timestamp: '2025-05-11T10:14:02.564Z'
}
{
  message: 'Request Timeout',
  http_code: 499,
  name: 'TimeoutError',
  storageErrors: [],
  level: 'error',
  timestamp: '2025-05-11T10:17:56.835Z'
}
{
  status: 401,
  message: 'Access denied. Your Cookie has expired. Please log in again to continue.',
  level: 'error',
  timestamp: '2025-05-11T10:18:20.153Z'
}
{
  status: 401,
  message: 'Access denied. Your Cookie has expired. Please log in again to continue.',
  level: 'error',
  timestamp: '2025-05-11T15:52:53.662Z'
}
{
  status: 401,
  message: 'Access denied. Your Cookie has expired. Please log in again to continue.',
  level: 'error',
  timestamp: '2025-05-11T16:31:17.035Z'
}
