{
  status: 401,
  message: 'Access denied. Your Cookie has expired. Please log in again to continue.',
  level: 'error',
  timestamp: '2025-05-13T05:57:01.025Z'
}
{
  status: 401,
  message: 'Access denied. Your Cookie has expired. Please log in again to continue.',
  level: 'error',
  timestamp: '2025-05-13T06:07:33.345Z'
}
{
  status: 401,
  message: 'Invalid token. Please try again or log in.',
  level: 'error',
  timestamp: '2025-05-13T06:10:35.816Z'
}
{
  status: 401,
  message: 'Invalid refresh token. Please log in again.',
  level: 'error',
  timestamp: '2025-05-13T06:16:52.800Z'
}
{
  status: 401,
  message: 'Invalid token. Please try again or log in.',
  level: 'error',
  timestamp: '2025-05-13T06:17:06.855Z'
}
{
  status: 401,
  message: 'Invalid token. Please try again or log in.',
  level: 'error',
  timestamp: '2025-05-13T06:17:08.818Z'
}
{
  status: 401,
  message: 'Invalid token. Please try again or log in.',
  level: 'error',
  timestamp: '2025-05-13T06:17:15.934Z'
}
{
  status: 401,
  message: 'Invalid token. Please try again or log in.',
  level: 'error',
  timestamp: '2025-05-13T06:17:25.480Z'
}
{
  status: 401,
  message: 'Invalid token. Please try again or log in.',
  level: 'error',
  timestamp: '2025-05-13T06:17:47.911Z'
}
{
  status: 401,
  message: 'Invalid refresh token. Please log in again.',
  level: 'error',
  timestamp: '2025-05-13T08:57:08.972Z'
}
{
  status: 401,
  message: 'Invalid refresh token. Please log in again.',
  level: 'error',
  timestamp: '2025-05-13T08:58:21.980Z'
}
{
  status: 404,
  message: 'Mentor not found.',
  level: 'error',
  timestamp: '2025-05-13T09:02:31.666Z'
}
