{
  status: 401,
  message: 'Invalid refresh token. Please log in again.',
  level: 'error',
  timestamp: '2025-01-09T05:10:52.099Z'
}
{
  status: 401,
  message: 'Invalid token. Please try again or log in.',
  level: 'error',
  timestamp: '2025-01-09T05:11:42.251Z'
}
{
  status: 401,
  message: 'Access denied. Your Cookie has expired. Please log in again to continue.',
  level: 'error',
  timestamp: '2025-01-09T05:18:30.966Z'
}
{
  status: 401,
  message: 'Access denied. Your Cookie has expired. Please log in again to continue.',
  level: 'error',
  timestamp: '2025-01-09T05:18:42.115Z'
}
{
  status: 401,
  message: 'Access denied. Your Cookie has expired. Please log in again to continue.',
  level: 'error',
  timestamp: '2025-01-09T05:18:44.542Z'
}
{
  status: 401,
  message: 'Access denied. Your Cookie has expired. Please log in again to continue.',
  level: 'error',
  timestamp: '2025-01-09T05:19:22.658Z'
}
{
  status: 401,
  message: 'Access denied. Your Cookie has expired. Please log in again to continue.',
  level: 'error',
  timestamp: '2025-01-09T05:19:39.040Z'
}
{
  status: 401,
  message: 'Access denied. Your Cookie has expired. Please log in again to continue.',
  level: 'error',
  timestamp: '2025-01-09T05:22:16.941Z'
}
{
  status: 401,
  message: 'Access denied. Your Cookie has expired. Please log in again to continue.',
  level: 'error',
  timestamp: '2025-01-09T05:22:19.404Z'
}
{
  status: 401,
  message: 'Access denied. Your Cookie has expired. Please log in again to continue.',
  level: 'error',
  timestamp: '2025-01-09T05:22:21.134Z'
}
{
  status: 401,
  message: 'Access denied. Your Cookie has expired. Please log in again to continue.',
  level: 'error',
  timestamp: '2025-01-09T05:22:21.382Z'
}
{
  status: 401,
  message: 'Access denied. Your Cookie has expired. Please log in again to continue.',
  level: 'error',
  timestamp: '2025-01-09T05:23:24.655Z'
}
{
  status: 401,
  message: 'Invalid password. Please try again.',
  level: 'error',
  timestamp: '2025-01-09T05:28:35.739Z'
}
{
  status: 401,
  message: 'Invalid token. Please try again or log in.',
  level: 'error',
  timestamp: '2025-01-09T05:28:47.641Z'
}
{
  status: 404,
  message: 'User not found.',
  level: 'error',
  timestamp: '2025-01-09T05:29:54.206Z'
}
{
  status: 401,
  message: 'Invalid token. Please try again or log in.',
  level: 'error',
  timestamp: '2025-01-09T05:31:05.540Z'
}
{
  status: 401,
  message: 'Invalid token. Please try again or log in.',
  level: 'error',
  timestamp: '2025-01-09T05:32:14.880Z'
}
{
  status: 404,
  message: 'User not found.',
  level: 'error',
  timestamp: '2025-01-09T05:35:41.498Z'
}
{
  status: 401,
  message: 'Access denied. Your Cookie has expired. Please log in again to continue.',
  level: 'error',
  timestamp: '2025-01-09T05:38:45.042Z'
}
{
  status: 401,
  message: 'Access denied. Your Cookie has expired. Please log in again to continue.',
  level: 'error',
  timestamp: '2025-01-09T05:38:58.420Z'
}
{
  status: 401,
  message: 'Access denied. Your Cookie has expired. Please log in again to continue.',
  level: 'error',
  timestamp: '2025-01-09T05:39:18.700Z'
}
{
  status: 401,
  message: 'Access denied. Your Cookie has expired. Please log in again to continue.',
  level: 'error',
  timestamp: '2025-01-09T05:39:27.166Z'
}
{
  status: 401,
  message: 'Invalid token. Please try again or log in.',
  level: 'error',
  timestamp: '2025-01-09T05:51:01.902Z'
}
{
  status: 401,
  message: 'Invalid token. Please try again or log in.',
  level: 'error',
  timestamp: '2025-01-09T05:51:14.864Z'
}
{
  status: 401,
  message: 'Invalid token. Please try again or log in.',
  level: 'error',
  timestamp: '2025-01-09T05:51:15.738Z'
}
{
  status: 401,
  message: 'Access denied. Your Cookie has expired. Please log in again to continue.',
  level: 'error',
  timestamp: '2025-01-09T05:58:05.145Z'
}
{
  status: 404,
  message: 'User not found.',
  level: 'error',
  timestamp: '2025-01-09T05:58:15.482Z'
}
{
  status: 401,
  message: 'Access denied. Your Cookie has expired. Please log in again to continue.',
  level: 'error',
  timestamp: '2025-01-09T06:16:37.584Z'
}
{
  status: 401,
  message: 'Invalid password. Please try again.',
  level: 'error',
  timestamp: '2025-01-09T07:05:13.218Z'
}
{
  status: 401,
  message: 'Invalid refresh token. Please log in again.',
  level: 'error',
  timestamp: '2025-01-09T08:24:13.695Z'
}
{
  status: 404,
  message: 'User not found.',
  level: 'error',
  timestamp: '2025-01-09T08:24:28.031Z'
}
{
  status: 401,
  message: 'Invalid refresh token. Please log in again.',
  level: 'error',
  timestamp: '2025-01-09T10:39:49.345Z'
}
