{
  status: 401,
  message: 'Invalid token. Please try again or log in.',
  level: 'error',
  timestamp: '2025-05-11T20:08:48.385Z'
}
{
  status: 401,
  message: 'Invalid token. Please try again or log in.',
  level: 'error',
  timestamp: '2025-05-11T20:09:16.460Z'
}
{
  status: 401,
  message: 'Invalid token. Please try again or log in.',
  level: 'error',
  timestamp: '2025-05-11T20:09:19.493Z'
}
{
  status: 401,
  message: 'Access denied. Your Cookie has expired. Please log in again to continue.',
  level: 'error',
  timestamp: '2025-05-11T20:18:04.498Z'
}
{
  status: 401,
  message: 'Access denied. Your Cookie has expired. Please log in again to continue.',
  level: 'error',
  timestamp: '2025-05-11T20:30:58.749Z'
}
{
  status: 404,
  message: 'Mentor not found.',
  level: 'error',
  timestamp: '2025-05-12T03:53:08.042Z'
}
{
  status: 404,
  message: 'Mentor not found.',
  level: 'error',
  timestamp: '2025-05-12T03:53:18.163Z'
}
{
  status: 401,
  message: 'Invalid token. Please try again or log in.',
  level: 'error',
  timestamp: '2025-05-12T03:54:44.345Z'
}
{
  status: 401,
  message: 'Invalid token. Please try again or log in.',
  level: 'error',
  timestamp: '2025-05-12T11:09:08.812Z'
}
{
  status: 404,
  message: 'User not found.',
  level: 'error',
  timestamp: '2025-05-12T11:09:21.116Z'
}
{
  status: 401,
  message: 'Access denied. Your Cookie has expired. Please log in again to continue.',
  level: 'error',
  timestamp: '2025-05-12T11:29:54.435Z'
}
{
  status: 404,
  message: 'User not found.',
  level: 'error',
  timestamp: '2025-05-12T12:08:33.002Z'
}
{
  status: 401,
  message: 'Invalid password. Please try again.',
  level: 'error',
  timestamp: '2025-05-12T12:08:43.364Z'
}
{
  status: 401,
  message: 'Invalid token. Please try again or log in.',
  level: 'error',
  timestamp: '2025-05-12T15:40:17.633Z'
}
{
  status: 401,
  message: 'Invalid refresh token. Please log in again.',
  level: 'error',
  timestamp: '2025-05-12T15:42:39.397Z'
}
{
  status: 401,
  message: 'Invalid refresh token. Please log in again.',
  level: 'error',
  timestamp: '2025-05-12T16:03:23.240Z'
}
{
  status: 401,
  message: 'Invalid token. Please try again or log in.',
  level: 'error',
  timestamp: '2025-05-12T16:03:25.897Z'
}
{
  status: 401,
  message: 'Invalid token. Please try again or log in.',
  level: 'error',
  timestamp: '2025-05-12T16:03:26.658Z'
}
{
  status: 401,
  message: 'Invalid refresh token. Please log in again.',
  level: 'error',
  timestamp: '2025-05-12T16:22:39.893Z'
}
