{
  status: 401,
  message: 'Invalid refresh token. Please log in again.',
  level: 'error',
  timestamp: '2025-05-16T18:30:37.751Z'
}
{
  status: 404,
  message: 'Invalid email.',
  level: 'error',
  timestamp: '2025-05-16T19:31:57.382Z'
}
{
  status: 401,
  message: 'Invalid refresh token. Please log in again.',
  level: 'error',
  timestamp: '2025-05-16T20:06:16.269Z'
}
{
  name: 'PrismaClientKnownRequestError',
  code: 'P2025',
  clientVersion: '5.21.1',
  meta: { modelName: 'MentorWallet', cause: 'Record to update not found.' },
  level: 'error',
  timestamp: '2025-05-16T20:38:44.210Z'
}
{
  status: 401,
  message: 'Invalid refresh token. Please log in again.',
  level: 'error',
  timestamp: '2025-05-16T20:49:21.893Z'
}
{
  name: 'PrismaClientKnownRequestError',
  code: 'P2025',
  clientVersion: '5.21.1',
  meta: { modelName: 'UserWallet', cause: 'Record to update not found.' },
  level: 'error',
  timestamp: '2025-05-16T20:49:57.410Z'
}
{
  name: 'PrismaClientKnownRequestError',
  code: 'P2025',
  clientVersion: '5.21.1',
  meta: { modelName: 'UserWallet', cause: 'Record to update not found.' },
  level: 'error',
  timestamp: '2025-05-16T20:50:01.684Z'
}
{
  status: 401,
  message: 'Invalid token. Please try again or log in.',
  level: 'error',
  timestamp: '2025-05-16T20:59:51.096Z'
}
{
  status: 404,
  message: 'User not found.',
  level: 'error',
  timestamp: '2025-05-16T21:00:42.967Z'
}
{
  status: 401,
  message: 'Access denied. Your Cookie has expired. Please log in again to continue.',
  level: 'error',
  timestamp: '2025-05-16T21:01:51.388Z'
}
{
  status: 401,
  message: 'Invalid token. Please try again or log in.',
  level: 'error',
  timestamp: '2025-05-16T21:02:40.464Z'
}
{
  status: 401,
  message: 'Invalid token. Please try again or log in.',
  level: 'error',
  timestamp: '2025-05-16T21:02:44.524Z'
}
{
  status: 401,
  message: 'Access denied. Your Cookie has expired. Please log in again to continue.',
  level: 'error',
  timestamp: '2025-05-16T21:02:59.647Z'
}
{
  status: 401,
  message: 'The OTP you entered is incorrect. Please try again.',
  level: 'error',
  timestamp: '2025-05-16T21:04:12.344Z'
}
{
  status: 401,
  message: 'Invalid refresh token. Please log in again.',
  level: 'error',
  timestamp: '2025-05-16T21:19:38.479Z'
}
{
  status: 401,
  message: 'Invalid refresh token. Please log in again.',
  level: 'error',
  timestamp: '2025-05-16T21:19:42.568Z'
}
{
  status: 401,
  message: 'Invalid refresh token. Please log in again.',
  level: 'error',
  timestamp: '2025-05-16T21:19:49.969Z'
}
{
  status: 401,
  message: 'Invalid refresh token. Please log in again.',
  level: 'error',
  timestamp: '2025-05-16T22:15:35.907Z'
}
{
  status: 401,
  message: 'Invalid token. Please try again or log in.',
  level: 'error',
  timestamp: '2025-05-16T22:17:08.080Z'
}
{
  status: 401,
  message: 'Access denied. Your Cookie has expired. Please log in again to continue.',
  level: 'error',
  timestamp: '2025-05-16T22:18:26.666Z'
}
{
  status: 401,
  message: 'Access denied. Your Cookie has expired. Please log in again to continue.',
  level: 'error',
  timestamp: '2025-05-16T22:21:08.572Z'
}
{
  status: 401,
  message: 'Access denied. Your Cookie has expired. Please log in again to continue.',
  level: 'error',
  timestamp: '2025-05-16T22:22:33.643Z'
}
{
  status: 401,
  message: 'Invalid token. Please try again or log in.',
  level: 'error',
  timestamp: '2025-05-16T22:27:43.185Z'
}
{
  status: 401,
  message: 'Access denied. Your Cookie has expired. Please log in again to continue.',
  level: 'error',
  timestamp: '2025-05-16T22:27:51.377Z'
}
{
  status: 401,
  message: 'Access denied. Your Cookie has expired. Please log in again to continue.',
  level: 'error',
  timestamp: '2025-05-16T22:28:03.313Z'
}
{
  status: 401,
  message: 'Access denied. Your Cookie has expired. Please log in again to continue.',
  level: 'error',
  timestamp: '2025-05-16T22:28:43.557Z'
}
{
  status: 401,
  message: 'Access denied. Your Cookie has expired. Please log in again to continue.',
  level: 'error',
  timestamp: '2025-05-16T22:29:10.370Z'
}
{
  status: 401,
  message: 'Access denied. Your Cookie has expired. Please log in again to continue.',
  level: 'error',
  timestamp: '2025-05-16T22:29:18.797Z'
}
{
  status: 401,
  message: 'Access denied. Your Cookie has expired. Please log in again to continue.',
  level: 'error',
  timestamp: '2025-05-16T22:29:39.818Z'
}
{
  status: 401,
  message: 'Access denied. Your Cookie has expired. Please log in again to continue.',
  level: 'error',
  timestamp: '2025-05-16T22:29:43.014Z'
}
{
  status: 401,
  message: 'Access denied. Your Cookie has expired. Please log in again to continue.',
  level: 'error',
  timestamp: '2025-05-16T22:29:56.370Z'
}
{
  status: 401,
  message: 'Access denied. Your Cookie has expired. Please log in again to continue.',
  level: 'error',
  timestamp: '2025-05-16T22:29:57.965Z'
}
{
  status: 404,
  message: 'Mentor not found.',
  level: 'error',
  timestamp: '2025-05-16T22:31:19.795Z'
}
{
  status: 401,
  message: 'Invalid token. Please try again or log in.',
  level: 'error',
  timestamp: '2025-05-16T22:31:53.606Z'
}
{
  status: 401,
  message: 'Access denied. Your Cookie has expired. Please log in again to continue.',
  level: 'error',
  timestamp: '2025-05-16T22:31:59.376Z'
}
{
  status: 401,
  message: 'Invalid token. Please try again or log in.',
  level: 'error',
  timestamp: '2025-05-16T22:57:53.173Z'
}
{
  status: 401,
  message: 'Invalid token. Please try again or log in.',
  level: 'error',
  timestamp: '2025-05-16T22:58:18.590Z'
}
{
  status: 401,
  message: 'Access denied. Your Cookie has expired. Please log in again to continue.',
  level: 'error',
  timestamp: '2025-05-16T22:58:21.879Z'
}
{
  status: 401,
  message: 'Access denied. Your Cookie has expired. Please log in again to continue.',
  level: 'error',
  timestamp: '2025-05-16T23:26:33.221Z'
}
{
  status: 401,
  message: 'Access denied. Your Cookie has expired. Please log in again to continue.',
  level: 'error',
  timestamp: '2025-05-17T00:58:25.081Z'
}
